info it worked if it ends with ok
verbose cli [ 'C:\\Program Files (x86)\\nodejs\\\\node.exe',
verbose cli   'C:\\Program Files (x86)\\nodejs\\node_modules\\npm\\bin\\npm-cli.js',
verbose cli   'install' ]
info using npm@1.1.0-alpha-6
info using node@v0.6.5
verbose config file C:\Users\Reizo\.npmrc
verbose config file C:\Program Files (x86)\nodejs\etc\npmrc
verbose config file C:\Program Files (x86)\nodejs\node_modules\npm\npmrc
verbose mkdir done: D:\Projects\Rhythm 755
ERR! Couldn't read dependencies.
ERR! Error: ENOENT, no such file or directory 'D:\Projects\Rhythm\package.json'
ERR! Report this *entire* log at:
ERR!     <http://github.com/isaacs/npm/issues>
ERR! or email it to:
ERR!     <npm-@googlegroups.com>
ERR! 
ERR! System Windows_NT 6.1.7601
ERR! command "C:\\Program Files (x86)\\nodejs\\\\node.exe" "C:\\Program Files (x86)\\nodejs\\node_modules\\npm\\bin\\npm-cli.js" "install"
ERR! cwd D:\Projects\Rhythm\public\res\js
ERR! node -v v0.6.5
ERR! npm -v 1.1.0-alpha-6
ERR! path D:\Projects\Rhythm\package.json
ERR! code ENOENT
ERR! message ENOENT, no such file or directory 'D:\Projects\Rhythm\package.json'
verbose exit [ 1, true ]
